This is pdfTeX, Version 3.141592653-2.6-1.40.22 (TeX Live 2022/dev/Debian) (preloaded format=pdflatex 2022.11.29)  13 JAN 2023 07:23
entering extended mode
 restricted \write18 enabled.
 %&-line parsing enabled.
**refman.tex
(./refman.tex
LaTeX2e <2021-11-15> patch level 1
L3 programming layer <2022-01-21>
(/usr/share/texlive/texmf-dist/tex/latex/base/book.cls
Document Class: book 2021/10/04 v1.4n Standard LaTeX document class
(/usr/share/texlive/texmf-dist/tex/latex/base/bk10.clo
File: bk10.clo 2021/10/04 v1.4n Standard LaTeX file (size option)
)
\c@part=\count185
\c@chapter=\count186
\c@section=\count187
\c@subsection=\count188
\c@subsubsection=\count189
\c@paragraph=\count190
\c@subparagraph=\count191
\c@figure=\count192
\c@table=\count193
\abovecaptionskip=\skip47
\belowcaptionskip=\skip48
\bibindent=\dimen138
)
(/usr/share/texlive/texmf-dist/tex/latex/base/ifthen.sty
Package: ifthen 2020/11/24 v1.1c Standard LaTeX ifthen package (DPC)
)
(/usr/share/texlive/texmf-dist/tex/latex/tools/array.sty
Rollback for package 'array' requested -> date 2016-10-06.
         Best approximation is the release introduced on 2016-10-06.

(/usr/share/texlive/texmf-dist/tex/latex/tools/array-2016-10-06.sty
Package: array 2016/10/06 v2.4d Tabular extension package (FMi)
\col@sep=\dimen139
\extrarowheight=\dimen140
\NC@list=\toks16
\extratabsurround=\skip49
\backup@length=\skip50
))
(/usr/share/texlive/texmf-dist/tex/latex/base/fixltx2e.sty
Package: fixltx2e 2016/12/29 v2.1a fixes to LaTeX (obsolete)
Applying: [2015/01/01] Old fixltx2e package on input line 46.


Package fixltx2e Warning: fixltx2e is not required with releases after 2015
(fixltx2e)                All fixes are now in the LaTeX kernel.
(fixltx2e)                See the latexrelease package for details.

Already applied: [0000/00/00] Old fixltx2e package on input line 53.
) (./doxygen.sty
Package: doxygen 
 (/usr/share/texlive/texmf-dist/tex/latex/base/alltt.sty
Package: alltt 2021/01/29 v2.0g defines alltt environment
)
(/usr/share/texlive/texmf-dist/tex/latex/tools/calc.sty
Package: calc 2017/05/25 v4.3 Infix arithmetic (KKT,FJ)
\calc@Acount=\count194
\calc@Bcount=\count195
\calc@Adimen=\dimen141
\calc@Bdimen=\dimen142
\calc@Askip=\skip51
\calc@Bskip=\skip52
LaTeX Info: Redefining \setlength on input line 80.
LaTeX Info: Redefining \addtolength on input line 81.
\calc@Ccount=\count196
\calc@Cskip=\skip53
)
(/usr/share/texlive/texmf-dist/tex/latex/float/float.sty
Package: float 2001/11/08 v1.3d Float enhancements (AL)
\c@float@type=\count197
\float@exts=\toks17
\float@box=\box50
\@float@everytoks=\toks18
\@floatcapt=\box51
)
(/usr/share/texlive/texmf-dist/tex/latex/tools/verbatim.sty
Package: verbatim 2020-07-07 v1.5u LaTeX2e package for verbatim enhancements
\every@verbatim=\toks19
\verbatim@line=\toks20
\verbatim@in@stream=\read2
)
(/usr/share/texlive/texmf-dist/tex/latex/xcolor/xcolor.sty
Package: xcolor 2021/10/31 v2.13 LaTeX color extensions (UK)

(/usr/share/texlive/texmf-dist/tex/latex/graphics-cfg/color.cfg
File: color.cfg 2016/01/02 v1.6 sample color configuration
)
Package xcolor Info: Driver file: pdftex.def on input line 227.

(/usr/share/texlive/texmf-dist/tex/latex/graphics-def/pdftex.def
File: pdftex.def 2020/10/05 v1.2a Graphics/color driver for pdftex
)
(/usr/share/texlive/texmf-dist/tex/latex/colortbl/colortbl.sty
Package: colortbl 2020/01/04 v1.0e Color table columns (DPC)
\everycr=\toks21
\minrowclearance=\skip54
)
\rownum=\count198
Package xcolor Info: Model `cmy' substituted by `cmy0' on input line 1352.
Package xcolor Info: Model `hsb' substituted by `rgb' on input line 1356.
Package xcolor Info: Model `RGB' extended on input line 1368.
Package xcolor Info: Model `HTML' substituted by `rgb' on input line 1370.
Package xcolor Info: Model `Hsb' substituted by `hsb' on input line 1371.
Package xcolor Info: Model `tHsb' substituted by `hsb' on input line 1372.
Package xcolor Info: Model `HSB' substituted by `hsb' on input line 1373.
Package xcolor Info: Model `Gray' substituted by `gray' on input line 1374.
Package xcolor Info: Model `wave' substituted by `hsb' on input line 1375.
)
(./longtable_doxygen.sty
Package: longtable_doxygen 2014/10/28 v4.11 Multi-page Table package (DPC) - fr
ozen version for doxygen
\LTleft=\skip55
\LTright=\skip56
\LTpre=\skip57
\LTpost=\skip58
\LTchunksize=\count199
\LTcapwidth=\dimen143
\LT@head=\box52
\LT@firsthead=\box53
\LT@foot=\box54
\LT@lastfoot=\box55
\LT@cols=\count266
\LT@rows=\count267
\c@LT@tables=\count268
\c@LT@chunks=\count269
\LT@p@ftn=\toks22
) (./tabu_doxygen.sty
Package: tabu_doxygen 2011/02/26 v2.8 - flexible LaTeX tabulars (FC), frozen ve
rsion for doxygen

(/usr/share/texlive/texmf-dist/tex/latex/varwidth/varwidth.sty
Package: varwidth 2009/03/30 ver 0.92;  Variable-width minipages
\@vwid@box=\box56
\sift@deathcycles=\count270
\@vwid@loff=\dimen144
\@vwid@roff=\dimen145
)
\c@taburow=\count271
\tabu@nbcols=\count272
\tabu@cnt=\count273
\tabu@Xcol=\count274
\tabu@alloc=\count275
\tabu@nested=\count276
\tabu@target=\dimen146
\tabu@spreadtarget=\dimen147
\tabu@naturalX=\dimen148
\tabucolX=\dimen149
\tabu@Xsum=\dimen150
\extrarowdepth=\dimen151
\abovetabulinesep=\dimen152
\belowtabulinesep=\dimen153
\tabustrutrule=\dimen154
\tabu@thebody=\toks23
\tabu@footnotes=\toks24
\tabu@box=\box57
\tabu@arstrutbox=\box58
\tabu@hleads=\box59
\tabu@vleads=\box60
\tabu@cellskip=\skip59
)
(/usr/share/texlive/texmf-dist/tex/latex/fancyvrb/fancyvrb.sty
Package: fancyvrb 2021/12/21 4.1b verbatim text (tvz,hv)

(/usr/share/texlive/texmf-dist/tex/latex/graphics/keyval.sty
Package: keyval 2014/10/28 v1.15 key=value parser (DPC)
\KV@toks@=\toks25
)
\FV@CodeLineNo=\count277
\FV@InFile=\read3
\FV@TabBox=\box61
\c@FancyVerbLine=\count278
\FV@StepNumber=\count279
\FV@OutFile=\write3
)
(/usr/share/texlive/texmf-dist/tex/latex/tools/tabularx.sty
Package: tabularx 2020/01/15 v2.11c `tabularx' package (DPC)
\TX@col@width=\dimen155
\TX@old@table=\dimen156
\TX@old@col=\dimen157
\TX@target=\dimen158
\TX@delta=\dimen159
\TX@cols=\count280
\TX@ftn=\toks26
)
(/usr/share/texlive/texmf-dist/tex/latex/tools/multicol.sty
Package: multicol 2021/10/28 v1.9b multicolumn formatting (FMi)
\c@tracingmulticols=\count281
\mult@box=\box62
\multicol@leftmargin=\dimen160
\c@unbalance=\count282
\c@collectmore=\count283
\doublecol@number=\count284
\multicoltolerance=\count285
\multicolpretolerance=\count286
\full@width=\dimen161
\page@free=\dimen162
\premulticols=\dimen163
\postmulticols=\dimen164
\multicolsep=\skip60
\multicolbaselineskip=\skip61
\partial@page=\box63
\last@line=\box64
\maxbalancingoverflow=\dimen165
\mult@rightbox=\box65
\mult@grightbox=\box66
\mult@firstbox=\box67
\mult@gfirstbox=\box68
\@tempa=\box69
\@tempa=\box70
\@tempa=\box71
\@tempa=\box72
\@tempa=\box73
\@tempa=\box74
\@tempa=\box75
\@tempa=\box76
\@tempa=\box77
\@tempa=\box78
\@tempa=\box79
\@tempa=\box80
\@tempa=\box81
\@tempa=\box82
\@tempa=\box83
\@tempa=\box84
\@tempa=\box85
\@tempa=\box86
\@tempa=\box87
\@tempa=\box88
\@tempa=\box89
\@tempa=\box90
\@tempa=\box91
\@tempa=\box92
\@tempa=\box93
\@tempa=\box94
\@tempa=\box95
\@tempa=\box96
\@tempa=\box97
\@tempa=\box98
\@tempa=\box99
\@tempa=\box100
\@tempa=\box101
\@tempa=\box102
\@tempa=\box103
\@tempa=\box104
\c@minrows=\count287
\c@columnbadness=\count288
\c@finalcolumnbadness=\count289
\last@try=\dimen166
\multicolovershoot=\dimen167
\multicolundershoot=\dimen168
\mult@nat@firstbox=\box105
\colbreak@box=\box106
\mc@col@check@num=\count290
)
(/usr/share/texlive/texmf-dist/tex/latex/multirow/multirow.sty
Package: multirow 2021/03/15 v2.8 Span multiple rows of a table
\multirow@colwidth=\skip62
\multirow@cntb=\count291
\multirow@dima=\skip63
\bigstrutjot=\dimen169
)
(/usr/share/texlive/texmf-dist/tex/latex/hanging/hanging.sty
Package: hanging 2009/09/02 v1.2b hanging paragraphs and punctuation
\h@ngcommawd=\skip64
\h@ngfstopwd=\skip65
\h@ngquotewd=\skip66
\h@ngdquotewd=\skip67
\h@ngquerywd=\skip68
\h@ngexclwd=\skip69
\h@ngcolonwd=\skip70
\h@ngscolonwd=\skip71
)
(/usr/share/texlive/texmf-dist/tex/generic/iftex/ifpdf.sty
Package: ifpdf 2019/10/25 v3.4 ifpdf legacy package. Use iftex instead.

(/usr/share/texlive/texmf-dist/tex/generic/iftex/iftex.sty
Package: iftex 2020/03/06 v1.0d TeX engine tests
))
(/usr/share/texlive/texmf-dist/tex/latex/adjustbox/adjustbox.sty
Package: adjustbox 2020/08/19 v1.3 Adjusting TeX boxes (trim, clip, ...)

(/usr/share/texlive/texmf-dist/tex/latex/xkeyval/xkeyval.sty
Package: xkeyval 2020/11/20 v2.8 package option processing (HA)

(/usr/share/texlive/texmf-dist/tex/generic/xkeyval/xkeyval.tex
(/usr/share/texlive/texmf-dist/tex/generic/xkeyval/xkvutils.tex
\XKV@toks=\toks27
\XKV@tempa@toks=\toks28
)
\XKV@depth=\count292
File: xkeyval.tex 2014/12/03 v2.7a key=value parser (HA)
))
(/usr/share/texlive/texmf-dist/tex/latex/adjustbox/adjcalc.sty
Package: adjcalc 2012/05/16 v1.1 Provides advanced setlength with multiple back
-ends (calc, etex, pgfmath)
)
(/usr/share/texlive/texmf-dist/tex/latex/adjustbox/trimclip.sty
Package: trimclip 2020/08/19 v1.2 Trim and clip general TeX material

(/usr/share/texlive/texmf-dist/tex/latex/graphics/graphicx.sty
Package: graphicx 2021/09/16 v1.2d Enhanced LaTeX Graphics (DPC,SPQR)

(/usr/share/texlive/texmf-dist/tex/latex/graphics/graphics.sty
Package: graphics 2021/03/04 v1.4d Standard LaTeX Graphics (DPC,SPQR)

(/usr/share/texlive/texmf-dist/tex/latex/graphics/trig.sty
Package: trig 2021/08/11 v1.11 sin cos tan (DPC)
)
(/usr/share/texlive/texmf-dist/tex/latex/graphics-cfg/graphics.cfg
File: graphics.cfg 2016/06/04 v1.11 sample graphics configuration
)
Package graphics Info: Driver file: pdftex.def on input line 107.
)
\Gin@req@height=\dimen170
\Gin@req@width=\dimen171
)
(/usr/share/texlive/texmf-dist/tex/latex/collectbox/collectbox.sty
Package: collectbox 2012/05/17 v0.4b Collect macro arguments as boxes
\collectedbox=\box107
)
\tc@llx=\dimen172
\tc@lly=\dimen173
\tc@urx=\dimen174
\tc@ury=\dimen175
Package trimclip Info: Using driver 'tc-pdftex.def'.

(/usr/share/texlive/texmf-dist/tex/latex/adjustbox/tc-pdftex.def
File: tc-pdftex.def 2019/01/04 v2.2 Clipping driver for pdftex
))
\adjbox@Width=\dimen176
\adjbox@Height=\dimen177
\adjbox@Depth=\dimen178
\adjbox@Totalheight=\dimen179
\adjbox@pwidth=\dimen180
\adjbox@pheight=\dimen181
\adjbox@pdepth=\dimen182
\adjbox@ptotalheight=\dimen183

(/usr/share/texlive/texmf-dist/tex/latex/ifoddpage/ifoddpage.sty
Package: ifoddpage 2016/04/23 v1.1 Conditionals for odd/even page detection
\c@checkoddpage=\count293
))
(/usr/share/texlive/texmf-dist/tex/latex/amsfonts/amssymb.sty
Package: amssymb 2013/01/14 v3.01 AMS font symbols

(/usr/share/texlive/texmf-dist/tex/latex/amsfonts/amsfonts.sty
Package: amsfonts 2013/01/14 v3.01 Basic AMSFonts support
\@emptytoks=\toks29
\symAMSa=\mathgroup4
\symAMSb=\mathgroup5
LaTeX Font Info:    Redeclaring math symbol \hbar on input line 98.
LaTeX Font Info:    Overwriting math alphabet `\mathfrak' in version `bold'
(Font)                  U/euf/m/n --> U/euf/b/n on input line 106.
))
(/usr/share/texlive/texmf-dist/tex/latex/stackengine/stackengine.sty
Package: stackengine 2021/07/22 v4.11\ Stacking text and objects in convenient 
ways

(/usr/share/texlive/texmf-dist/tex/latex/etoolbox/etoolbox.sty
Package: etoolbox 2020/10/05 v2.5k e-TeX tools for LaTeX (JAW)
\etb@tempcnta=\count294
)
(/usr/share/texlive/texmf-dist/tex/generic/listofitems/listofitems.sty
(/usr/share/texlive/texmf-dist/tex/generic/listofitems/listofitems.tex
\loi_cnt_foreach_nest=\count295
\loi_nestcnt=\count296
)
Package: listofitems 2019/08/21 v1.63 Grab items in lists using user-specified 
sep char (CT)
)
\c@@stackindex=\count297
\@boxshift=\skip72
\stack@tmplength=\skip73
\temp@stkl=\skip74
\@stackedboxwidth=\skip75
\@addedbox=\box108
\@anchorbox=\box109
\@insetbox=\box110
\se@backgroundbox=\box111
\stackedbox=\box112
\@centerbox=\box113
\c@ROWcellindex@=\count298
)
(/usr/share/texlive/texmf-dist/tex/generic/ulem/ulem.sty
\UL@box=\box114
\UL@hyphenbox=\box115
\UL@skip=\skip76
\UL@hook=\toks30
\UL@height=\dimen184
\UL@pe=\count299
\UL@pixel=\dimen185
\ULC@box=\box116
Package: ulem 2019/11/18
\ULdepth=\dimen186
)
\xrefbox=\box117
\xreflength=\skip77
\CodeWidthChar=\skip78
\CodeHeightChar=\skip79
\DoxyCodeWidth=\skip80
)
(/usr/share/texlive/texmf-dist/tex/latex/base/inputenc.sty
Package: inputenc 2021/02/14 v1.3d Input encoding file
\inpenc@prehook=\toks31
\inpenc@posthook=\toks32
)
(/usr/share/texlive/texmf-dist/tex/latex/base/makeidx.sty
Package: makeidx 2021/10/04 v1.0m Standard LaTeX package
)
(/usr/share/texlive/texmf-dist/tex/latex/base/textcomp.sty
Package: textcomp 2020/02/02 v2.0n Standard LaTeX package
)
(/usr/share/texlive/texmf-dist/tex/latex/wasysym/wasysym.sty
Package: wasysym 2020/01/19 v2.4 Wasy-2 symbol support package
\symwasy=\mathgroup6
LaTeX Font Info:    Overwriting symbol font `wasy' in version `bold'
(Font)                  U/wasy/m/n --> U/wasy/b/n on input line 93.
)
(/usr/share/texlive/texmf-dist/tex/generic/iftex/ifxetex.sty
Package: ifxetex 2019/10/25 v0.7 ifxetex legacy package. Use iftex instead.
)
(/usr/share/texlive/texmf-dist/tex/latex/base/fontenc.sty
Package: fontenc 2021/04/29 v2.0v Standard LaTeX package
)
(/usr/share/texlive/texmf-dist/tex/latex/psnfss/helvet.sty
Package: helvet 2020/03/25 PSNFSS-v9.3 (WaS) 
)
(/usr/share/texlive/texmf-dist/tex/latex/psnfss/courier.sty
Package: courier 2020/03/25 PSNFSS-v9.3 (WaS) 
)
(/usr/share/texlive/texmf-dist/tex/latex/sectsty/sectsty.sty
Package: sectsty 2002/02/25 v2.0.2 Commands to change all sectional heading sty
les


LaTeX Warning: Command \underbar  has changed.
               Check if current package is valid.


LaTeX Warning: Command \underline  has changed.
               Check if current package is valid.

) (/usr/share/texlive/texmf-dist/tex/latex/geometry/geometry.sty
Package: geometry 2020/01/02 v5.9 Page Geometry

(/usr/share/texlive/texmf-dist/tex/generic/iftex/ifvtex.sty
Package: ifvtex 2019/10/25 v1.7 ifvtex legacy package. Use iftex instead.
)
\Gm@cnth=\count300
\Gm@cntv=\count301
\c@Gm@tempcnt=\count302
\Gm@bindingoffset=\dimen187
\Gm@wd@mp=\dimen188
\Gm@odd@mp=\dimen189
\Gm@even@mp=\dimen190
\Gm@layoutwidth=\dimen191
\Gm@layoutheight=\dimen192
\Gm@layouthoffset=\dimen193
\Gm@layoutvoffset=\dimen194
\Gm@dimlist=\toks33
)
(/usr/share/texlive/texmf-dist/tex/latex/fancyhdr/fancyhdr.sty
Package: fancyhdr 2021/01/28 v4.0.1 Extensive control of page headers and foote
rs
\f@nch@headwidth=\skip81
\f@nch@O@elh=\skip82
\f@nch@O@erh=\skip83
\f@nch@O@olh=\skip84
\f@nch@O@orh=\skip85
\f@nch@O@elf=\skip86
\f@nch@O@erf=\skip87
\f@nch@O@olf=\skip88
\f@nch@O@orf=\skip89
)
(/usr/share/texlive/texmf-dist/tex/latex/natbib/natbib.sty
Package: natbib 2010/09/13 8.31b (PWD, AO)
\bibhang=\skip90
\bibsep=\skip91
LaTeX Info: Redefining \cite on input line 694.
\c@NAT@ctr=\count303
)
(/usr/share/texlive/texmf-dist/tex/latex/tocloft/tocloft.sty
Package: tocloft 2017/08/31 v2.3i parameterised ToC, etc., typesetting
Package tocloft Info: The document has chapter divisions on input line 51.
\cftparskip=\skip92
\cftbeforetoctitleskip=\skip93
\cftaftertoctitleskip=\skip94
\cftbeforepartskip=\skip95
\cftpartnumwidth=\skip96
\cftpartindent=\skip97
\cftbeforechapskip=\skip98
\cftchapindent=\skip99
\cftchapnumwidth=\skip100
\cftbeforesecskip=\skip101
\cftsecindent=\skip102
\cftsecnumwidth=\skip103
\cftbeforesubsecskip=\skip104
\cftsubsecindent=\skip105
\cftsubsecnumwidth=\skip106
\cftbeforesubsubsecskip=\skip107
\cftsubsubsecindent=\skip108
\cftsubsubsecnumwidth=\skip109
\cftbeforeparaskip=\skip110
\cftparaindent=\skip111
\cftparanumwidth=\skip112
\cftbeforesubparaskip=\skip113
\cftsubparaindent=\skip114
\cftsubparanumwidth=\skip115
\cftbeforeloftitleskip=\skip116
\cftafterloftitleskip=\skip117
\cftbeforefigskip=\skip118
\cftfigindent=\skip119
\cftfignumwidth=\skip120
\c@lofdepth=\count304
\c@lotdepth=\count305
\cftbeforelottitleskip=\skip121
\cftafterlottitleskip=\skip122
\cftbeforetabskip=\skip123
\cfttabindent=\skip124
\cfttabnumwidth=\skip125
)
\@indexfile=\write4
\openout4 = `refman.idx'.


Writing index file refman.idx
(/usr/share/texlive/texmf-dist/tex/latex/newunicodechar/newunicodechar.sty
Package: newunicodechar 2018/04/08 v1.2 Defining Unicode characters
)

Package newunicodechar Warning: Redefining Unicode character on input line 115.



Package newunicodechar Warning: Redefining Unicode character on input line 116.


(/usr/share/texlive/texmf-dist/tex/latex/hyperref/hyperref.sty
Package: hyperref 2021-06-07 v7.00m Hypertext links for LaTeX

(/usr/share/texlive/texmf-dist/tex/generic/ltxcmds/ltxcmds.sty
Package: ltxcmds 2020-05-10 v1.25 LaTeX kernel commands for general use (HO)
)
(/usr/share/texlive/texmf-dist/tex/generic/pdftexcmds/pdftexcmds.sty
Package: pdftexcmds 2020-06-27 v0.33 Utility functions of pdfTeX for LuaTeX (HO
)

(/usr/share/texlive/texmf-dist/tex/generic/infwarerr/infwarerr.sty
Package: infwarerr 2019/12/03 v1.5 Providing info/warning/error messages (HO)
)
Package pdftexcmds Info: \pdf@primitive is available.
Package pdftexcmds Info: \pdf@ifprimitive is available.
Package pdftexcmds Info: \pdfdraftmode found.
)
(/usr/share/texlive/texmf-dist/tex/generic/kvsetkeys/kvsetkeys.sty
Package: kvsetkeys 2019/12/15 v1.18 Key value parser (HO)
)
(/usr/share/texlive/texmf-dist/tex/generic/kvdefinekeys/kvdefinekeys.sty
Package: kvdefinekeys 2019-12-19 v1.6 Define keys (HO)
)
(/usr/share/texlive/texmf-dist/tex/generic/pdfescape/pdfescape.sty
Package: pdfescape 2019/12/09 v1.15 Implements pdfTeX's escape features (HO)
)
(/usr/share/texlive/texmf-dist/tex/latex/hycolor/hycolor.sty
Package: hycolor 2020-01-27 v1.10 Color options for hyperref/bookmark (HO)
)
(/usr/share/texlive/texmf-dist/tex/latex/letltxmacro/letltxmacro.sty
Package: letltxmacro 2019/12/03 v1.6 Let assignment for LaTeX macros (HO)
)
(/usr/share/texlive/texmf-dist/tex/latex/auxhook/auxhook.sty
Package: auxhook 2019-12-17 v1.6 Hooks for auxiliary files (HO)
)
(/usr/share/texlive/texmf-dist/tex/latex/kvoptions/kvoptions.sty
Package: kvoptions 2020-10-07 v3.14 Key value format for package options (HO)
)
\@linkdim=\dimen195
\Hy@linkcounter=\count306
\Hy@pagecounter=\count307

(/usr/share/texlive/texmf-dist/tex/latex/hyperref/pd1enc.def
File: pd1enc.def 2021-06-07 v7.00m Hyperref: PDFDocEncoding definition (HO)
Now handling font encoding PD1 ...
... no UTF-8 mapping file for font encoding PD1
)
(/usr/share/texlive/texmf-dist/tex/latex/hyperref/hyperref-langpatches.def
File: hyperref-langpatches.def 2021-06-07 v7.00m Hyperref: patches for babel la
nguages
)
(/usr/share/texlive/texmf-dist/tex/generic/intcalc/intcalc.sty
Package: intcalc 2019/12/15 v1.3 Expandable calculations with integers (HO)
)
(/usr/share/texlive/texmf-dist/tex/generic/etexcmds/etexcmds.sty
Package: etexcmds 2019/12/15 v1.7 Avoid name clashes with e-TeX commands (HO)
)
\Hy@SavedSpaceFactor=\count308

(/usr/share/texlive/texmf-dist/tex/latex/hyperref/puenc.def
File: puenc.def 2021-06-07 v7.00m Hyperref: PDF Unicode definition (HO)
Now handling font encoding PU ...
... no UTF-8 mapping file for font encoding PU
)
Package hyperref Info: Hyper figures OFF on input line 4192.
Package hyperref Info: Link nesting OFF on input line 4197.
Package hyperref Info: Hyper index ON on input line 4200.
Package hyperref Info: Plain pages OFF on input line 4207.
Package hyperref Info: Backreferencing ON on input line 4210.
Package hyperref Info: Implicit mode ON; LaTeX internals redefined.
Package hyperref Info: Bookmarks ON on input line 4445.

(/usr/share/texlive/texmf-dist/tex/latex/hyperref/backref.sty
Package: backref 2021/02/04 v1.41 Bibliographical back referencing

(/usr/share/texlive/texmf-dist/tex/latex/rerunfilecheck/rerunfilecheck.sty
Package: rerunfilecheck 2019/12/05 v1.9 Rerun checks for auxiliary files (HO)

(/usr/share/texlive/texmf-dist/tex/latex/base/atveryend-ltx.sty
Package: atveryend-ltx 2020/08/19 v1.0a Emulation of the original atveryend pac
kage
with kernel methods
)
(/usr/share/texlive/texmf-dist/tex/generic/uniquecounter/uniquecounter.sty
Package: uniquecounter 2019/12/15 v1.4 Provide unlimited unique counter (HO)

(/usr/share/texlive/texmf-dist/tex/generic/bigintcalc/bigintcalc.sty
Package: bigintcalc 2019/12/15 v1.5 Expandable calculations on big integers (HO
)
))
Package uniquecounter Info: New unique counter `rerunfilecheck' on input line 2
86.
))
\c@Hy@tempcnt=\count309

(/usr/share/texlive/texmf-dist/tex/latex/url/url.sty
\Urlmuskip=\muskip16
Package: url 2013/09/16  ver 3.4  Verb mode for urls, etc.
)
LaTeX Info: Redefining \url on input line 4804.
\XeTeXLinkMargin=\dimen196

(/usr/share/texlive/texmf-dist/tex/generic/bitset/bitset.sty
Package: bitset 2019/12/09 v1.3 Handle bit-vector datatype (HO)
)
\Fld@menulength=\count310
\Field@Width=\dimen197
\Fld@charsize=\dimen198
Package hyperref Info: Hyper figures OFF on input line 6076.
Package hyperref Info: Link nesting OFF on input line 6081.
Package hyperref Info: Hyper index ON on input line 6084.
Package hyperref Info: backreferencing ON on input line 6089.
Package hyperref Info: Link coloring OFF on input line 6096.
Package hyperref Info: Link coloring with OCG OFF on input line 6101.
Package hyperref Info: PDF/A mode OFF on input line 6106.
LaTeX Info: Redefining \ref on input line 6146.
LaTeX Info: Redefining \pageref on input line 6150.

(/usr/share/texlive/texmf-dist/tex/latex/base/atbegshi-ltx.sty
Package: atbegshi-ltx 2021/01/10 v1.0c Emulation of the original atbegshi
package with kernel methods
)
\Hy@abspage=\count311
\c@Item=\count312
\c@Hfootnote=\count313


LaTeX Warning: Command \LT@p@ftntext  has changed.
               Check if current package is valid.

)
Package hyperref Info: Driver: hpdftex.
 (/usr/share/texlive/texmf-dist/tex/latex/hyperref/hpdftex.def
File: hpdftex.def 2021-06-07 v7.00m Hyperref driver for pdfTeX
\Fld@listcount=\count314
\c@bookmark@seq@number=\count315
\Hy@SectionHShift=\skip126
)
Package hyperref Info: Option `colorlinks' set `true' on input line 134.
Package hyperref Info: Option `unicode' set `true' on input line 134.

(/usr/share/texlive/texmf-dist/tex/latex/caption/caption.sty
Package: caption 2020/10/26 v3.5g Customizing captions (AR)

(/usr/share/texlive/texmf-dist/tex/latex/caption/caption3.sty
Package: caption3 2020/10/21 v2.2e caption3 kernel (AR)
\captionmargin=\dimen199
\captionmargin@=\dimen256
\captionwidth=\dimen257
\caption@tempdima=\dimen258
\caption@indent=\dimen259
\caption@parindent=\dimen260
\caption@hangindent=\dimen261
Package caption Info: Standard document class detected.
)
\c@caption@flags=\count316
\c@continuedfloat=\count317
Package caption Info: float package is loaded.
Package caption Info: hyperref package is loaded.
Package caption Info: longtable package is loaded.

(/usr/share/texlive/texmf-dist/tex/latex/caption/ltcaption.sty
Package: ltcaption 2020/05/30 v1.4b longtable captions (AR)
))
(/usr/share/texlive/texmf-dist/tex/latex/etoc/etoc.sty
Package: etoc 2021/09/23 v1.09e Completely customisable TOCs (JFB)
\Etoc@toctoks=\toks34
\c@etoc@tocid=\count318
\c@etoc@tocdepth=\count319
\etoc@framed@titlebox=\box118
\etoc@framed@contentsbox=\box119
)
LaTeX Font Info:    Trying to load font information for T1+phv on input line 14
9.

(/usr/share/texlive/texmf-dist/tex/latex/psnfss/t1phv.fd
File: t1phv.fd 2020/03/25 scalable font definitions for T1/phv.
)
LaTeX Font Info:    Font shape `T1/phv/m/n' will be
(Font)              scaled to size 8.99994pt on input line 149.

(/usr/share/texlive/texmf-dist/tex/latex/l3backend/l3backend-pdftex.def
File: l3backend-pdftex.def 2022-01-12 L3 backend support: PDF output (pdfTeX)
\l__color_backend_stack_int=\count320
\l__pdf_internal_box=\box120
)
No file refman.aux.
\openout1 = `refman.aux'.

LaTeX Font Info:    Checking defaults for OML/cmm/m/it on input line 149.
LaTeX Font Info:    ... okay on input line 149.
LaTeX Font Info:    Checking defaults for OMS/cmsy/m/n on input line 149.
LaTeX Font Info:    ... okay on input line 149.
LaTeX Font Info:    Checking defaults for OT1/cmr/m/n on input line 149.
LaTeX Font Info:    ... okay on input line 149.
LaTeX Font Info:    Checking defaults for T1/cmr/m/n on input line 149.
LaTeX Font Info:    ... okay on input line 149.
LaTeX Font Info:    Checking defaults for TS1/cmr/m/n on input line 149.
LaTeX Font Info:    ... okay on input line 149.
LaTeX Font Info:    Checking defaults for OMX/cmex/m/n on input line 149.
LaTeX Font Info:    ... okay on input line 149.
LaTeX Font Info:    Checking defaults for U/cmr/m/n on input line 149.
LaTeX Font Info:    ... okay on input line 149.
LaTeX Font Info:    Checking defaults for PD1/pdf/m/n on input line 149.
LaTeX Font Info:    ... okay on input line 149.
LaTeX Font Info:    Checking defaults for PU/pdf/m/n on input line 149.
LaTeX Font Info:    ... okay on input line 149.
(/usr/share/texlive/texmf-dist/tex/context/base/mkii/supp-pdf.mkii
[Loading MPS to PDF converter (version 2006.09.02).]
\scratchcounter=\count321
\scratchdimen=\dimen262
\scratchbox=\box121
\nofMPsegments=\count322
\nofMParguments=\count323
\everyMPshowfont=\toks35
\MPscratchCnt=\count324
\MPscratchDim=\dimen263
\MPnumerator=\count325
\makeMPintoPDFobject=\count326
\everyMPtoPDFconversion=\toks36
) (/usr/share/texlive/texmf-dist/tex/latex/epstopdf-pkg/epstopdf-base.sty
Package: epstopdf-base 2020-01-24 v2.11 Base part for package epstopdf
Package epstopdf-base Info: Redefining graphics rule for `.eps' on input line 4
85.

(/usr/share/texlive/texmf-dist/tex/latex/latexconfig/epstopdf-sys.cfg
File: epstopdf-sys.cfg 2010/07/13 v1.3 Configuration of (r)epstopdf for TeX Liv
e
))
*geometry* driver: auto-detecting
*geometry* detected driver: pdftex
*geometry* verbose mode - [ preamble ] result:
* driver: pdftex
* paper: a4paper
* layout: <same size as paper>
* layoutoffset:(h,v)=(0.0pt,0.0pt)
* modes: twoside 
* h-part:(L,W,R)=(71.13188pt, 455.24411pt, 71.13188pt)
* v-part:(T,H,B)=(71.13188pt, 702.78308pt, 71.13188pt)
* \paperwidth=597.50787pt
* \paperheight=845.04684pt
* \textwidth=455.24411pt
* \textheight=702.78308pt
* \oddsidemargin=-1.1381pt
* \evensidemargin=-1.1381pt
* \topmargin=-31.2056pt
* \headheight=12.0pt
* \headsep=18.06749pt
* \topskip=10.0pt
* \footskip=25.29494pt
* \marginparwidth=125.0pt
* \marginparsep=7.0pt
* \columnsep=10.0pt
* \skip\footins=9.0pt plus 4.0pt minus 2.0pt
* \hoffset=0.0pt
* \voffset=0.0pt
* \mag=1000
* \@twocolumnfalse
* \@twosidetrue
* \@mparswitchtrue
* \@reversemarginfalse
* (1in=72.27pt=25.4mm, 1cm=28.453pt)

Package hyperref Info: Link coloring ON on input line 149.
(/usr/share/texlive/texmf-dist/tex/latex/hyperref/nameref.sty
Package: nameref 2021-04-02 v2.47 Cross-referencing by name of section

(/usr/share/texlive/texmf-dist/tex/latex/refcount/refcount.sty
Package: refcount 2019/12/15 v3.6 Data extraction from label references (HO)
)
(/usr/share/texlive/texmf-dist/tex/generic/gettitlestring/gettitlestring.sty
Package: gettitlestring 2019/12/15 v1.6 Cleanup title references (HO)
)
\c@section@level=\count327
)
LaTeX Info: Redefining \ref on input line 149.
LaTeX Info: Redefining \pageref on input line 149.
LaTeX Info: Redefining \nameref on input line 149.
\@outlinefile=\write5
\openout5 = `refman.out'.

Package backref Info: ** backref set up for natbib ** on input line 149.
Package caption Info: Begin \AtBeginDocument code.
Package caption Info: End \AtBeginDocument code.

No file refman.toc.
Package hyperref Info: Option `pageanchor' set `false' on input line 156.
Package hyperref Info: Option `bookmarksnumbered' set `true' on input line 156.

Package hyperref Info: Option `unicode' set `true' on input line 156.
LaTeX Font Info:    Font shape `T1/phv/m/n' will be
(Font)              scaled to size 12.9599pt on input line 161.
LaTeX Font Info:    Font shape `T1/phv/m/n' will be
(Font)              scaled to size 10.79993pt on input line 163.
[1


{/var/lib/texmf/fonts/map/pdftex/updmap/pdftex.map}] [2

]
\tf@toc=\write6
\openout6 = `refman.toc'.

Package hyperref Info: Option `pageanchor' set `true' on input line 171.

Chapter 1.
LaTeX Font Info:    Font shape `T1/phv/m/n' will be
(Font)              scaled to size 18.66588pt on input line 174.
LaTeX Font Info:    Font shape `T1/phv/b/n' will be
(Font)              scaled to size 18.66588pt on input line 174.
LaTeX Font Info:    Font shape `T1/phv/bc/n' will be
(Font)              scaled to size 18.66588pt on input line 174.
LaTeX Font Info:    Font shape `T1/phv/m/n' will be
(Font)              scaled to size 22.39185pt on input line 174.
LaTeX Font Info:    Font shape `T1/phv/b/n' will be
(Font)              scaled to size 22.39185pt on input line 174.
LaTeX Font Info:    Font shape `T1/phv/bc/n' will be
(Font)              scaled to size 22.39185pt on input line 174.
(./hierarchy.tex
LaTeX Font Info:    Font shape `T1/phv/b/n' will be
(Font)              scaled to size 12.9599pt on input line 1.
LaTeX Font Info:    Font shape `T1/phv/m/n' will be
(Font)              scaled to size 6.29996pt on input line 2.
LaTeX Font Info:    Trying to load font information for U+msa on input line 2.
 (/usr/share/texlive/texmf-dist/tex/latex/amsfonts/umsa.fd
File: umsa.fd 2013/01/14 v3.01 AMS symbols A
)
LaTeX Font Info:    Trying to load font information for U+msb on input line 2.

(/usr/share/texlive/texmf-dist/tex/latex/amsfonts/umsb.fd
File: umsb.fd 2013/01/14 v3.01 AMS symbols B
)
LaTeX Font Info:    Trying to load font information for U+wasy on input line 2.


(/usr/share/texlive/texmf-dist/tex/latex/wasysym/uwasy.fd
File: uwasy.fd 2020/01/19 v2.4 Wasy-2 symbol font definitions
)
LaTeX Font Info:    Font shape `T1/phv/b/n' will be
(Font)              scaled to size 8.99994pt on input line 3.


LaTeX Warning: Reference `classCamera' on page 1 undefined on input line 3.


LaTeX Warning: Reference `classRGB' on page 1 undefined on input line 5.


LaTeX Warning: Reference `classThermic' on page 1 undefined on input line 6.


LaTeX Warning: Reference `classDashboard' on page 1 undefined on input line 8.


LaTeX Warning: Reference `classInvalidUserException' on page 1 undefined on inp
ut line 10.


LaTeX Warning: Reference `classSensor' on page 1 undefined on input line 12.


LaTeX Warning: Reference `classAirQ' on page 1 undefined on input line 14.


LaTeX Warning: Reference `classHumidity' on page 1 undefined on input line 15.


LaTeX Warning: Reference `classIlluminationLv' on page 1 undefined on input lin
e 16.


LaTeX Warning: Reference `classTemperature' on page 1 undefined on input line 1
7.


LaTeX Warning: Reference `classUser' on page 1 undefined on input line 19.

)
LaTeX Font Info:    Font shape `T1/phv/b/n' will be
(Font)              scaled to size 6.29996pt on input line 176.
 [1


] [2

]
Chapter 2.
(./annotated.tex

LaTeX Warning: Reference `classAirQ' on page 3 undefined on input line 3.


LaTeX Warning: Reference `classCamera' on page 3 undefined on input line 4.


LaTeX Warning: Reference `classDashboard' on page 3 undefined on input line 5.


LaTeX Warning: Reference `classHumidity' on page 3 undefined on input line 6.


LaTeX Warning: Reference `classIlluminationLv' on page 3 undefined on input lin
e 7.


LaTeX Warning: Reference `classInvalidUserException' on page 3 undefined on inp
ut line 8.


LaTeX Warning: Reference `classRGB' on page 3 undefined on input line 9.


LaTeX Warning: Reference `classSensor' on page 3 undefined on input line 10.


LaTeX Warning: Reference `classTemperature' on page 3 undefined on input line 1
1.


LaTeX Warning: Reference `classThermic' on page 3 undefined on input line 12.


LaTeX Warning: Reference `classUser' on page 3 undefined on input line 13.

) [3] [4

]
Chapter 3.
(./files.tex

LaTeX Warning: Reference `AirQ_8cpp' on page 5 undefined on input line 3.


LaTeX Warning: Reference `AirQ_8h' on page 5 undefined on input line 4.


LaTeX Warning: Reference `Camera_8cpp' on page 5 undefined on input line 5.


LaTeX Warning: Reference `Camera_8h' on page 5 undefined on input line 6.


LaTeX Warning: Reference `Dashboard_8cpp' on page 5 undefined on input line 7.


LaTeX Warning: Reference `Dashboard_8h' on page 5 undefined on input line 8.


LaTeX Warning: Reference `Humidity_8cpp' on page 5 undefined on input line 9.


LaTeX Warning: Reference `Humidity_8h' on page 5 undefined on input line 10.


LaTeX Warning: Reference `IlluminationLv_8cpp' on page 5 undefined on input lin
e 11.


LaTeX Warning: Reference `IlluminationLv_8h' on page 5 undefined on input line 
12.


LaTeX Warning: Reference `InvalidUserExcepcion_8h' on page 5 undefined on input
 line 13.


LaTeX Warning: Reference `main_8cpp' on page 5 undefined on input line 14.


LaTeX Warning: Reference `RGB_8cpp' on page 5 undefined on input line 15.


LaTeX Warning: Reference `RGB_8h' on page 5 undefined on input line 16.


LaTeX Warning: Reference `Sensor_8cpp' on page 5 undefined on input line 17.


LaTeX Warning: Reference `Sensor_8h' on page 5 undefined on input line 18.


LaTeX Warning: Reference `Temperature_8cpp' on page 5 undefined on input line 1
9.


LaTeX Warning: Reference `Temperature_8h' on page 5 undefined on input line 20.



LaTeX Warning: Reference `Thermic_8cpp' on page 5 undefined on input line 21.


LaTeX Warning: Reference `Thermic_8h' on page 5 undefined on input line 22.


LaTeX Warning: Reference `User_8cpp' on page 5 undefined on input line 23.


LaTeX Warning: Reference `User_8h' on page 5 undefined on input line 24.

) [5] [6

]
Chapter 4.
(./classAirQ.tex
LaTeX Font Info:    Trying to load font information for T1+pcr on input line 10
.
 (/usr/share/texlive/texmf-dist/tex/latex/psnfss/t1pcr.fd
File: t1pcr.fd 2001/06/04 font definitions for T1/pcr.
) <./classAirQ__inherit__graph.pdf

pdfTeX warning: /usr/bin/pdflatex (file ./classAirQ__inherit__graph.pdf): PDF i
nclusion: multiple pdfs with page group included in a single page
>
<classAirQ__inherit__graph.pdf, id=143, 185.69376pt x 277.035pt>
File: classAirQ__inherit__graph.pdf Graphic file (type pdf)
<use classAirQ__inherit__graph.pdf>
Package pdftex.def Info: classAirQ__inherit__graph.pdf  used on input line 19.
(pdftex.def)             Requested size: 185.0pt x 276.0071pt.
 <./classAirQ__coll__graph.pdf

pdfTeX warning: /usr/bin/pdflatex (file ./classAirQ__coll__graph.pdf): PDF incl
usion: multiple pdfs with page group included in a single page
>
<classAirQ__coll__graph.pdf, id=151, 185.69376pt x 277.035pt>
File: classAirQ__coll__graph.pdf Graphic file (type pdf)
<use classAirQ__coll__graph.pdf>
Package pdftex.def Info: classAirQ__coll__graph.pdf  used on input line 29.
(pdftex.def)             Requested size: 185.0pt x 276.0071pt.
 [7]
LaTeX Font Info:    Font shape `T1/phv/b/n' will be
(Font)              scaled to size 10.79993pt on input line 32.
LaTeX Font Info:    Trying to load font information for TS1+phv on input line 3
5.
 (/usr/share/texlive/texmf-dist/tex/latex/psnfss/ts1phv.fd
File: ts1phv.fd 2020/03/25 scalable font definitions for TS1/phv.
)
LaTeX Font Info:    Font shape `TS1/phv/m/n' will be
(Font)              scaled to size 8.99994pt on input line 35.
LaTeX Font Info:    Font shape `T1/phv/m/n' will be
(Font)              scaled to size 8.09995pt on input line 36.
LaTeX Font Info:    Font shape `T1/phv/m/it' in size <9> not available
(Font)              Font shape `T1/phv/m/sl' tried instead on input line 36.
LaTeX Font Info:    Font shape `T1/phv/m/sl' will be
(Font)              scaled to size 8.09995pt on input line 36.
LaTeX Font Info:    Font shape `T1/phv/m/n' will be
(Font)              scaled to size 7.19995pt on input line 55.
 [8]
LaTeX Font Info:    Font shape `T1/phv/bc/n' will be
(Font)              scaled to size 8.99994pt on input line 102.

Underfull \hbox (badness 10000) detected at line 102
[][][]
 []

 <./classAirQ_a9f86e6adcaf3fb9cea220cb2d77fddca_cgraph.pdf>
<classAirQ_a9f86e6adcaf3fb9cea220cb2d77fddca_cgraph.pdf, id=197, 328.22626pt x 
100.375pt>
File: classAirQ_a9f86e6adcaf3fb9cea220cb2d77fddca_cgraph.pdf Graphic file (type
 pdf)
<use classAirQ_a9f86e6adcaf3fb9cea220cb2d77fddca_cgraph.pdf>
Package pdftex.def Info: classAirQ_a9f86e6adcaf3fb9cea220cb2d77fddca_cgraph.pdf
  used on input line 130.
(pdftex.def)             Requested size: 327.0pt x 100.00102pt.
 <./classAirQ_a9f86e6adcaf3fb9cea220cb2d77fddca_icgraph.pdf

pdfTeX warning: /usr/bin/pdflatex (file ./classAirQ_a9f86e6adcaf3fb9cea220cb2d7
7fddca_icgraph.pdf): PDF inclusion: multiple pdfs with page group included in a
 single page
>
<classAirQ_a9f86e6adcaf3fb9cea220cb2d77fddca_icgraph.pdf, id=205, 243.91125pt x
 100.375pt>
File: classAirQ_a9f86e6adcaf3fb9cea220cb2d77fddca_icgraph.pdf Graphic file (typ
e pdf)
<use classAirQ_a9f86e6adcaf3fb9cea220cb2d77fddca_icgraph.pdf>
Package pdftex.def Info: classAirQ_a9f86e6adcaf3fb9cea220cb2d77fddca_icgraph.pd
f  used on input line 138.
(pdftex.def)             Requested size: 243.0pt x 100.00102pt.
) (./classCamera.tex [9] <./classCamera__inherit__graph.pdf>
<classCamera__inherit__graph.pdf, id=228, 275.0275pt x 277.035pt>
File: classCamera__inherit__graph.pdf Graphic file (type pdf)
<use classCamera__inherit__graph.pdf>
Package pdftex.def Info: classCamera__inherit__graph.pdf  used on input line 19
.
(pdftex.def)             Requested size: 274.0pt x 276.024pt.
 <./classCamera__coll__graph.pdf

pdfTeX warning: /usr/bin/pdflatex (file ./classCamera__coll__graph.pdf): PDF in
clusion: multiple pdfs with page group included in a single page
>
<classCamera__coll__graph.pdf, id=236, 190.7125pt x 160.6pt>
File: classCamera__coll__graph.pdf Graphic file (type pdf)
<use classCamera__coll__graph.pdf>
Package pdftex.def Info: classCamera__coll__graph.pdf  used on input line 29.
(pdftex.def)             Requested size: 190.0pt x 160.00655pt.
 [10]
Underfull \hbox (badness 10000) detected at line 102
[][][]
 []

 <./classCamera_adfdb4edcb22c42b2f282f83d00058a32_icgraph.pdf>
<classCamera_adfdb4edcb22c42b2f282f83d00058a32_icgraph.pdf, id=266, 454.69875pt
 x 138.5175pt>
File: classCamera_adfdb4edcb22c42b2f282f83d00058a32_icgraph.pdf Graphic file (t
ype pdf)
<use classCamera_adfdb4edcb22c42b2f282f83d00058a32_icgraph.pdf>
Package pdftex.def Info: classCamera_adfdb4edcb22c42b2f282f83d00058a32_icgraph.
pdf  used on input line 125.
(pdftex.def)             Requested size: 350.0pt x 106.62286pt.
 [11])
(./classDashboard.tex <./classDashboard__coll__graph.pdf

pdfTeX warning: /usr/bin/pdflatex (file ./classDashboard__coll__graph.pdf): PDF
 inclusion: multiple pdfs with page group included in a single page
>
<classDashboard__coll__graph.pdf, id=289, 176.66pt x 193.72375pt>
File: classDashboard__coll__graph.pdf Graphic file (type pdf)
<use classDashboard__coll__graph.pdf>
Package pdftex.def Info: classDashboard__coll__graph.pdf  used on input line 19
.
(pdftex.def)             Requested size: 176.0pt x 193.002pt.
 [12] [13]
Underfull \hbox (badness 10000) detected at line 103
[][][]
 []

 <./classDashboard_a783ee7cdf51ebbce302d50d2d38dd3eb_icgraph.pdf

pdfTeX warning: /usr/bin/pdflatex (file ./classDashboard_a783ee7cdf51ebbce302d5
0d2d38dd3eb_icgraph.pdf): PDF inclusion: multiple pdfs with page group included
 in a single page
>
<classDashboard_a783ee7cdf51ebbce302d50d2d38dd3eb_icgraph.pdf, id=334, 251.9412
5pt x 100.375pt>
File: classDashboard_a783ee7cdf51ebbce302d50d2d38dd3eb_icgraph.pdf Graphic file
 (type pdf)
<use classDashboard_a783ee7cdf51ebbce302d50d2d38dd3eb_icgraph.pdf>
Package pdftex.def Info: classDashboard_a783ee7cdf51ebbce302d50d2d38dd3eb_icgra
ph.pdf  used on input line 126.
(pdftex.def)             Requested size: 251.0pt x 100.00102pt.
LaTeX Font Info:    Font shape `T1/pcr/m/it' in size <8> not available
(Font)              Font shape `T1/pcr/m/sl' tried instead on input line 133.


Package longtable Warning: Column widths have changed
(longtable)                in table 4.1 on input line 143.


Underfull \hbox (badness 10000) detected at line 144
[][][]
 []

[14]
Underfull \hbox (badness 10000) detected at line 157
[][][]
 []

 <./classDashboard_ad5fd593661038d67cd95f2cc62262ed7_icgraph.pdf>
<classDashboard_ad5fd593661038d67cd95f2cc62262ed7_icgraph.pdf, id=355, 286.0687
6pt x 100.375pt>
File: classDashboard_ad5fd593661038d67cd95f2cc62262ed7_icgraph.pdf Graphic file
 (type pdf)
<use classDashboard_ad5fd593661038d67cd95f2cc62262ed7_icgraph.pdf>
Package pdftex.def Info: classDashboard_ad5fd593661038d67cd95f2cc62262ed7_icgra
ph.pdf  used on input line 199.
(pdftex.def)             Requested size: 285.0pt x 100.00102pt.
)
(./classHumidity.tex [15] <./classHumidity__inherit__graph.pdf>
<classHumidity__inherit__graph.pdf, id=376, 185.69376pt x 277.035pt>
File: classHumidity__inherit__graph.pdf Graphic file (type pdf)
<use classHumidity__inherit__graph.pdf>
Package pdftex.def Info: classHumidity__inherit__graph.pdf  used on input line 
19.
(pdftex.def)             Requested size: 185.0pt x 276.0071pt.
 <./classHumidity__coll__graph.pdf

pdfTeX warning: /usr/bin/pdflatex (file ./classHumidity__coll__graph.pdf): PDF 
inclusion: multiple pdfs with page group included in a single page
>
<classHumidity__coll__graph.pdf, id=384, 185.69376pt x 277.035pt>
File: classHumidity__coll__graph.pdf Graphic file (type pdf)
<use classHumidity__coll__graph.pdf>
Package pdftex.def Info: classHumidity__coll__graph.pdf  used on input line 29.

(pdftex.def)             Requested size: 185.0pt x 276.0071pt.
 [16] [17]
Underfull \hbox (badness 10000) detected at line 102
[][][]
 []

 <./classHumidity_aac879fb7bc5555ae53542b6808bc3991_cgraph.pdf>
<classHumidity_aac879fb7bc5555ae53542b6808bc3991_cgraph.pdf, id=425, 376.40625p
t x 100.375pt>
File: classHumidity_aac879fb7bc5555ae53542b6808bc3991_cgraph.pdf Graphic file (
type pdf)
<use classHumidity_aac879fb7bc5555ae53542b6808bc3991_cgraph.pdf>
Package pdftex.def Info: classHumidity_aac879fb7bc5555ae53542b6808bc3991_cgraph
.pdf  used on input line 130.
(pdftex.def)             Requested size: 350.0pt x 93.3401pt.
 <./classHumidity_aac879fb7bc5555ae53542b6808bc3991_icgraph.pdf

pdfTeX warning: /usr/bin/pdflatex (file ./classHumidity_aac879fb7bc5555ae53542b
6808bc3991_icgraph.pdf): PDF inclusion: multiple pdfs with page group included 
in a single page
>
<classHumidity_aac879fb7bc5555ae53542b6808bc3991_icgraph.pdf, id=433, 292.09125
pt x 100.375pt>
File: classHumidity_aac879fb7bc5555ae53542b6808bc3991_icgraph.pdf Graphic file 
(type pdf)
<use classHumidity_aac879fb7bc5555ae53542b6808bc3991_icgraph.pdf>
Package pdftex.def Info: classHumidity_aac879fb7bc5555ae53542b6808bc3991_icgrap
h.pdf  used on input line 138.
(pdftex.def)             Requested size: 291.0pt x 100.00868pt.
) (./classIlluminationLv.tex [18] <./classIlluminationLv__inherit__graph.pdf>
<classIlluminationLv__inherit__graph.pdf, id=455, 207.77625pt x 277.035pt>
File: classIlluminationLv__inherit__graph.pdf Graphic file (type pdf)
<use classIlluminationLv__inherit__graph.pdf>
Package pdftex.def Info: classIlluminationLv__inherit__graph.pdf  used on input
 line 19.
(pdftex.def)             Requested size: 207.0pt x 276.01132pt.
 <./classIlluminationLv__coll__graph.pdf

pdfTeX warning: /usr/bin/pdflatex (file ./classIlluminationLv__coll__graph.pdf)
: PDF inclusion: multiple pdfs with page group included in a single page
>
<classIlluminationLv__coll__graph.pdf, id=463, 207.77625pt x 277.035pt>
File: classIlluminationLv__coll__graph.pdf Graphic file (type pdf)
<use classIlluminationLv__coll__graph.pdf>
Package pdftex.def Info: classIlluminationLv__coll__graph.pdf  used on input li
ne 29.
(pdftex.def)             Requested size: 207.0pt x 276.01132pt.
 [19]
LaTeX Font Info:    Font shape `T1/phv/m/it' in size <7> not available
(Font)              Font shape `T1/phv/m/sl' tried instead on input line 36.
LaTeX Font Info:    Font shape `T1/phv/m/sl' will be
(Font)              scaled to size 6.29996pt on input line 36.

Underfull \hbox (badness 10000) detected at line 102
[][][]
 []

 <./classIlluminationLv_a33667f2708a1601d4afeb10a303b11c0_cgraph.pdf>
<classIlluminationLv_a33667f2708a1601d4afeb10a303b11c0_cgraph.pdf, id=489, 425.
59pt x 100.375pt>
File: classIlluminationLv_a33667f2708a1601d4afeb10a303b11c0_cgraph.pdf Graphic 
file (type pdf)
<use classIlluminationLv_a33667f2708a1601d4afeb10a303b11c0_cgraph.pdf>
Package pdftex.def Info: classIlluminationLv_a33667f2708a1601d4afeb10a303b11c0_
cgraph.pdf  used on input line 130.
(pdftex.def)             Requested size: 350.0pt x 82.55154pt.
 [20] <./classIlluminationLv_a33667f2708a1601d4afeb10a303b11c0_icgraph.pdf

pdfTeX warning: /usr/bin/pdflatex (file ./classIlluminationLv_a33667f2708a1601d
4afeb10a303b11c0_icgraph.pdf): PDF inclusion: multiple pdfs with page group inc
luded in a single page
>
<classIlluminationLv_a33667f2708a1601d4afeb10a303b11c0_icgraph.pdf, id=510, 341
.275pt x 100.375pt>
File: classIlluminationLv_a33667f2708a1601d4afeb10a303b11c0_icgraph.pdf Graphic
 file (type pdf)
<use classIlluminationLv_a33667f2708a1601d4afeb10a303b11c0_icgraph.pdf>
Package pdftex.def Info: classIlluminationLv_a33667f2708a1601d4afeb10a303b11c0_
icgraph.pdf  used on input line 138.
(pdftex.def)             Requested size: 340.0pt x 100.00562pt.
) (./classInvalidUserException.tex <./classInvalidUserException__inherit__graph
.pdf

pdfTeX warning: /usr/bin/pdflatex (file ./classInvalidUserException__inherit__g
raph.pdf): PDF inclusion: multiple pdfs with page group included in a single pa
ge
>
<classInvalidUserException__inherit__graph.pdf, id=521, 200.75pt x 232.87pt>
File: classInvalidUserException__inherit__graph.pdf Graphic file (type pdf)
<use classInvalidUserException__inherit__graph.pdf>
Package pdftex.def Info: classInvalidUserException__inherit__graph.pdf  used on
 input line 19.
(pdftex.def)             Requested size: 200.0pt x 232.01662pt.
 [21] <./classInvalidUserException__coll__graph.pdf>
<classInvalidUserException__coll__graph.pdf, id=538, 200.75pt x 232.87pt>
File: classInvalidUserException__coll__graph.pdf Graphic file (type pdf)
<use classInvalidUserException__coll__graph.pdf>
Package pdftex.def Info: classInvalidUserException__coll__graph.pdf  used on in
put line 29.
(pdftex.def)             Requested size: 200.0pt x 232.01662pt.
 [22]) (./classRGB.tex <./classRGB__inherit__graph.pdf>
<classRGB__inherit__graph.pdf, id=561, 190.7125pt x 277.035pt>
File: classRGB__inherit__graph.pdf Graphic file (type pdf)
<use classRGB__inherit__graph.pdf>
Package pdftex.def Info: classRGB__inherit__graph.pdf  used on input line 19.
(pdftex.def)             Requested size: 190.0pt x 276.01132pt.
 <./classRGB__coll__graph.pdf

pdfTeX warning: /usr/bin/pdflatex (file ./classRGB__coll__graph.pdf): PDF inclu
sion: multiple pdfs with page group included in a single page
>
<classRGB__coll__graph.pdf, id=569, 190.7125pt x 277.035pt>
File: classRGB__coll__graph.pdf Graphic file (type pdf)
<use classRGB__coll__graph.pdf>
Package pdftex.def Info: classRGB__coll__graph.pdf  used on input line 29.
(pdftex.def)             Requested size: 190.0pt x 276.01132pt.
 [23] [24]
Underfull \hbox (badness 10000) detected at line 102
[][][]
 []

 <./classRGB_ad72a2db0f1e107627dfe156a0324d990_cgraph.pdf>
<classRGB_ad72a2db0f1e107627dfe156a0324d990_cgraph.pdf, id=613, 339.2675pt x 10
0.375pt>
File: classRGB_ad72a2db0f1e107627dfe156a0324d990_cgraph.pdf Graphic file (type 
pdf)
<use classRGB_ad72a2db0f1e107627dfe156a0324d990_cgraph.pdf>
Package pdftex.def Info: classRGB_ad72a2db0f1e107627dfe156a0324d990_cgraph.pdf 
 used on input line 130.
(pdftex.def)             Requested size: 338.0pt x 100.00409pt.
 <./classRGB_ad72a2db0f1e107627dfe156a0324d990_icgraph.pdf

pdfTeX warning: /usr/bin/pdflatex (file ./classRGB_ad72a2db0f1e107627dfe156a032
4d990_icgraph.pdf): PDF inclusion: multiple pdfs with page group included in a 
single page
>
<classRGB_ad72a2db0f1e107627dfe156a0324d990_icgraph.pdf, id=621, 243.91125pt x 
100.375pt>
File: classRGB_ad72a2db0f1e107627dfe156a0324d990_icgraph.pdf Graphic file (type
 pdf)
<use classRGB_ad72a2db0f1e107627dfe156a0324d990_icgraph.pdf>
Package pdftex.def Info: classRGB_ad72a2db0f1e107627dfe156a0324d990_icgraph.pdf
  used on input line 138.
(pdftex.def)             Requested size: 243.0pt x 100.00102pt.
) (./classSensor.tex [25] <./classSensor__inherit__graph.pdf>
<classSensor__inherit__graph.pdf, id=642, 549.05125pt x 277.035pt>
File: classSensor__inherit__graph.pdf Graphic file (type pdf)
<use classSensor__inherit__graph.pdf>
Package pdftex.def Info: classSensor__inherit__graph.pdf  used on input line 19
.
(pdftex.def)             Requested size: 350.0pt x 176.6043pt.
 <./classSensor__coll__graph.pdf

pdfTeX warning: /usr/bin/pdflatex (file ./classSensor__coll__graph.pdf): PDF in
clusion: multiple pdfs with page group included in a single page
>
<classSensor__coll__graph.pdf, id=650, 185.69376pt x 160.6pt>
File: classSensor__coll__graph.pdf Graphic file (type pdf)
<use classSensor__coll__graph.pdf>
Package pdftex.def Info: classSensor__coll__graph.pdf  used on input line 29.
(pdftex.def)             Requested size: 185.0pt x 160.0041pt.
 [26]
Underfull \hbox (badness 10000) detected at line 102
[][][]
 []

 <./classSensor_a539251b81919773d9255b39e25b1e936_icgraph.pdf>
<classSensor_a539251b81919773d9255b39e25b1e936_icgraph.pdf, id=679, 502.87875pt
 x 214.8025pt>
File: classSensor_a539251b81919773d9255b39e25b1e936_icgraph.pdf Graphic file (t
ype pdf)
<use classSensor_a539251b81919773d9255b39e25b1e936_icgraph.pdf>
Package pdftex.def Info: classSensor_a539251b81919773d9255b39e25b1e936_icgraph.
pdf  used on input line 125.
(pdftex.def)             Requested size: 350.0pt x 149.4987pt.
 [27])
(./classTemperature.tex <./classTemperature__inherit__graph.pdf

pdfTeX warning: /usr/bin/pdflatex (file ./classTemperature__inherit__graph.pdf)
: PDF inclusion: multiple pdfs with page group included in a single page
>
<classTemperature__inherit__graph.pdf, id=702, 185.69376pt x 277.035pt>
File: classTemperature__inherit__graph.pdf Graphic file (type pdf)
<use classTemperature__inherit__graph.pdf>
Package pdftex.def Info: classTemperature__inherit__graph.pdf  used on input li
ne 19.
(pdftex.def)             Requested size: 185.0pt x 276.0071pt.
 <./classTemperature__coll__graph.pdf

pdfTeX warning: /usr/bin/pdflatex (file ./classTemperature__coll__graph.pdf): P
DF inclusion: multiple pdfs with page group included in a single page
>
<classTemperature__coll__graph.pdf, id=710, 185.69376pt x 277.035pt>
File: classTemperature__coll__graph.pdf Graphic file (type pdf)
<use classTemperature__coll__graph.pdf>
Package pdftex.def Info: classTemperature__coll__graph.pdf  used on input line 
29.
(pdftex.def)             Requested size: 185.0pt x 276.0071pt.
 [28] [29]
Underfull \hbox (badness 10000) detected at line 102
[][][]
 []

LaTeX Font Info:    Trying to load font information for TS1+pcr on input line 1
13.
(/usr/share/texlive/texmf-dist/tex/latex/psnfss/ts1pcr.fd
File: ts1pcr.fd 2001/06/04 font definitions for TS1/pcr.
) <./classTemperature_af8a536644a9cfc807424aa64f548e979_cgraph.pdf>
<classTemperature_af8a536644a9cfc807424aa64f548e979_cgraph.pdf, id=752, 374.398
74pt x 100.375pt>
File: classTemperature_af8a536644a9cfc807424aa64f548e979_cgraph.pdf Graphic fil
e (type pdf)
<use classTemperature_af8a536644a9cfc807424aa64f548e979_cgraph.pdf>
Package pdftex.def Info: classTemperature_af8a536644a9cfc807424aa64f548e979_cgr
aph.pdf  used on input line 130.
(pdftex.def)             Requested size: 350.0pt x 93.8394pt.
 <./classTemperature_af8a536644a9cfc807424aa64f548e979_icgraph.pdf

pdfTeX warning: /usr/bin/pdflatex (file ./classTemperature_af8a536644a9cfc80742
4aa64f548e979_icgraph.pdf): PDF inclusion: multiple pdfs with page group includ
ed in a single page
>
<classTemperature_af8a536644a9cfc807424aa64f548e979_icgraph.pdf, id=760, 290.08
376pt x 100.375pt>
File: classTemperature_af8a536644a9cfc807424aa64f548e979_icgraph.pdf Graphic fi
le (type pdf)
<use classTemperature_af8a536644a9cfc807424aa64f548e979_icgraph.pdf>
Package pdftex.def Info: classTemperature_af8a536644a9cfc807424aa64f548e979_icg
raph.pdf  used on input line 138.
(pdftex.def)             Requested size: 289.0pt x 100.00562pt.
) (./classThermic.tex [30] <./classThermic__inherit__graph.pdf>
<classThermic__inherit__graph.pdf, id=783, 190.7125pt x 277.035pt>
File: classThermic__inherit__graph.pdf Graphic file (type pdf)
<use classThermic__inherit__graph.pdf>
Package pdftex.def Info: classThermic__inherit__graph.pdf  used on input line 1
9.
(pdftex.def)             Requested size: 190.0pt x 276.01132pt.
 <./classThermic__coll__graph.pdf

pdfTeX warning: /usr/bin/pdflatex (file ./classThermic__coll__graph.pdf): PDF i
nclusion: multiple pdfs with page group included in a single page
>
<classThermic__coll__graph.pdf, id=791, 190.7125pt x 277.035pt>
File: classThermic__coll__graph.pdf Graphic file (type pdf)
<use classThermic__coll__graph.pdf>
Package pdftex.def Info: classThermic__coll__graph.pdf  used on input line 29.
(pdftex.def)             Requested size: 190.0pt x 276.01132pt.
 [31]
Underfull \hbox (badness 10000) detected at line 102
[][][]
 []

 <./classThermic_a382d1da7d1d1bb51db6bf171f38481cb_cgraph.pdf>
<classThermic_a382d1da7d1d1bb51db6bf171f38481cb_cgraph.pdf, id=817, 377.41pt x 
100.375pt>
File: classThermic_a382d1da7d1d1bb51db6bf171f38481cb_cgraph.pdf Graphic file (t
ype pdf)
<use classThermic_a382d1da7d1d1bb51db6bf171f38481cb_cgraph.pdf>
Package pdftex.def Info: classThermic_a382d1da7d1d1bb51db6bf171f38481cb_cgraph.
pdf  used on input line 130.
(pdftex.def)             Requested size: 350.0pt x 93.08434pt.
 [32] <./classThermic_a382d1da7d1d1bb51db6bf171f38481cb_icgraph.pdf

pdfTeX warning: /usr/bin/pdflatex (file ./classThermic_a382d1da7d1d1bb51db6bf17
1f38481cb_icgraph.pdf): PDF inclusion: multiple pdfs with page group included i
n a single page
>
<classThermic_a382d1da7d1d1bb51db6bf171f38481cb_icgraph.pdf, id=838, 282.05376p
t x 100.375pt>
File: classThermic_a382d1da7d1d1bb51db6bf171f38481cb_icgraph.pdf Graphic file (
type pdf)
<use classThermic_a382d1da7d1d1bb51db6bf171f38481cb_icgraph.pdf>
Package pdftex.def Info: classThermic_a382d1da7d1d1bb51db6bf171f38481cb_icgraph
.pdf  used on input line 138.
(pdftex.def)             Requested size: 281.0pt x 100.00716pt.
) (./classUser.tex <./classUser__coll__graph.pdf

pdfTeX warning: /usr/bin/pdflatex (file ./classUser__coll__graph.pdf): PDF incl
usion: multiple pdfs with page group included in a single page
>
<classUser__coll__graph.pdf, id=849, 199.74625pt x 293.095pt>
File: classUser__coll__graph.pdf Graphic file (type pdf)
<use classUser__coll__graph.pdf>
Package pdftex.def Info: classUser__coll__graph.pdf  used on input line 19.
(pdftex.def)             Requested size: 199.0pt x 292.01645pt.
 [33] [34]

Package longtable Warning: Column widths have changed
(longtable)                in table 4.2 on input line 89.

[35]
Underfull \hbox (badness 10000) detected at line 135
[][][]
 []

 <./classUser_a2ce1d13d4e4c3e2a5d3f88a8df45792b_icgraph.pdf

pdfTeX warning: /usr/bin/pdflatex (file ./classUser_a2ce1d13d4e4c3e2a5d3f88a8df
45792b_icgraph.pdf): PDF inclusion: multiple pdfs with page group included in a
 single page
>
<classUser_a2ce1d13d4e4c3e2a5d3f88a8df45792b_icgraph.pdf, id=944, 287.0725pt x 
100.375pt>
File: classUser_a2ce1d13d4e4c3e2a5d3f88a8df45792b_icgraph.pdf Graphic file (typ
e pdf)
<use classUser_a2ce1d13d4e4c3e2a5d3f88a8df45792b_icgraph.pdf>
Package pdftex.def Info: classUser_a2ce1d13d4e4c3e2a5d3f88a8df45792b_icgraph.pd
f  used on input line 185.
(pdftex.def)             Requested size: 286.0pt x 100.00255pt.
 [36]

Package longtable Warning: Column widths have changed
(longtable)                in table 4.3 on input line 202.


Underfull \hbox (badness 10000) detected at line 203
[][][]
 []

 <./classUser_ae86203c5feed8b6432a230fffcc72bed_icgraph.pdf>
<classUser_ae86203c5feed8b6432a230fffcc72bed_icgraph.pdf, id=965, 238.8925pt x 
100.375pt>
File: classUser_ae86203c5feed8b6432a230fffcc72bed_icgraph.pdf Graphic file (typ
e pdf)
<use classUser_ae86203c5feed8b6432a230fffcc72bed_icgraph.pdf>
Package pdftex.def Info: classUser_ae86203c5feed8b6432a230fffcc72bed_icgraph.pd
f  used on input line 240.
(pdftex.def)             Requested size: 238.0pt x 99.9995pt.

Underfull \hbox (badness 10000) detected at line 253
[][][]
 []

[37]
Underfull \hbox (badness 10000) detected at line 277
[][][]
 []


Underfull \hbox (badness 10000) detected at line 301
[][][]
 []

 <./classUser_aacf2b0582c290c7fdfce771dc400f278_icgraph.pdf>
<classUser_aacf2b0582c290c7fdfce771dc400f278_icgraph.pdf, id=985, 221.82875pt x
 100.375pt>
File: classUser_aacf2b0582c290c7fdfce771dc400f278_icgraph.pdf Graphic file (typ
e pdf)
<use classUser_aacf2b0582c290c7fdfce771dc400f278_icgraph.pdf>
Package pdftex.def Info: classUser_aacf2b0582c290c7fdfce771dc400f278_icgraph.pd
f  used on input line 347.
(pdftex.def)             Requested size: 221.0pt x 99.9995pt.
 [38]

Package longtable Warning: Column widths have changed
(longtable)                in table 4.4 on input line 364.


Underfull \hbox (badness 10000) detected at line 365
[][][]
 []


Package longtable Warning: Column widths have changed
(longtable)                in table 4.5 on input line 397.


Underfull \hbox (badness 10000) detected at line 398
[][][]
 []

[39]

Package longtable Warning: Column widths have changed
(longtable)                in table 4.6 on input line 426.


Underfull \hbox (badness 10000) detected at line 427
[][][]
 []


Package longtable Warning: Column widths have changed
(longtable)                in table 4.7 on input line 455.


Underfull \hbox (badness 10000) detected at line 456
[][][]
 []

 <./classUser_aae4ce9bc118c22d682b44403e1d0f221_icgraph.pdf

pdfTeX warning: /usr/bin/pdflatex (file ./classUser_aae4ce9bc118c22d682b44403e1
d0f221_icgraph.pdf): PDF inclusion: multiple pdfs with page group included in a
 single page
>
<classUser_aae4ce9bc118c22d682b44403e1d0f221_icgraph.pdf, id=1021, 244.915pt x 
100.375pt>
File: classUser_aae4ce9bc118c22d682b44403e1d0f221_icgraph.pdf Graphic file (typ
e pdf)
<use classUser_aae4ce9bc118c22d682b44403e1d0f221_icgraph.pdf>
Package pdftex.def Info: classUser_aae4ce9bc118c22d682b44403e1d0f221_icgraph.pd
f  used on input line 481.
(pdftex.def)             Requested size: 244.0pt x 100.00255pt.
 [40]

Package longtable Warning: Column widths have changed
(longtable)                in table 4.8 on input line 498.


Underfull \hbox (badness 10000) detected at line 499
[][][]
 []

 <./classUser_adb5f56bef04b321e73936de4775eb827_icgraph.pdf>
<classUser_adb5f56bef04b321e73936de4775eb827_icgraph.pdf, id=1041, 252.945pt x 
100.375pt>
File: classUser_adb5f56bef04b321e73936de4775eb827_icgraph.pdf Graphic file (typ
e pdf)
<use classUser_adb5f56bef04b321e73936de4775eb827_icgraph.pdf>
Package pdftex.def Info: classUser_adb5f56bef04b321e73936de4775eb827_icgraph.pd
f  used on input line 524.
(pdftex.def)             Requested size: 252.0pt x 100.00255pt.
 [41]) [42]
Chapter 5.
(./AirQ_8cpp.tex <./AirQ_8cpp__incl.pdf

pdfTeX warning: /usr/bin/pdflatex (file ./AirQ_8cpp__incl.pdf): PDF inclusion: 
multiple pdfs with page group included in a single page
>
<AirQ_8cpp__incl.pdf, id=1074, 237.88875pt x 212.795pt>
File: AirQ_8cpp__incl.pdf Graphic file (type pdf)
<use AirQ_8cpp__incl.pdf>
Package pdftex.def Info: AirQ_8cpp__incl.pdf  used on input line 11.
(pdftex.def)             Requested size: 237.0pt x 212.00868pt.
) (./AirQ_8h.tex <./AirQ_8h__incl.pdf

pdfTeX warning: /usr/bin/pdflatex (file ./AirQ_8h__incl.pdf): PDF inclusion: mu
ltiple pdfs with page group included in a single page
>
<AirQ_8h__incl.pdf, id=1084, 138.5175pt x 156.585pt>
File: AirQ_8h__incl.pdf Graphic file (type pdf)
<use AirQ_8h__incl.pdf>
Package pdftex.def Info: AirQ_8h__incl.pdf  used on input line 14.
(pdftex.def)             Requested size: 138.0pt x 156.00162pt.
 [43

] <./AirQ_8h__dep__incl.pdf>
<AirQ_8h__dep__incl.pdf, id=1101, 326.21875pt x 156.585pt>
File: AirQ_8h__dep__incl.pdf Graphic file (type pdf)
<use AirQ_8h__dep__incl.pdf>
Package pdftex.def Info: AirQ_8h__dep__incl.pdf  used on input line 22.
(pdftex.def)             Requested size: 325.0pt x 156.01357pt.

Underfull \hbox (badness 10000) detected at line 35
[][][]
 []


Underfull \hbox (badness 10000) detected at line 38
[][][]
 []


Underfull \hbox (badness 10000) detected at line 41
[][][]
 []

) (./Camera_8cpp.tex <./Camera_8cpp__incl.pdf

pdfTeX warning: /usr/bin/pdflatex (file ./Camera_8cpp__incl.pdf): PDF inclusion
: multiple pdfs with page group included in a single page
>
<Camera_8cpp__incl.pdf, id=1118, 222.8325pt x 156.585pt>
File: Camera_8cpp__incl.pdf Graphic file (type pdf)
<use Camera_8cpp__incl.pdf>
Package pdftex.def Info: Camera_8cpp__incl.pdf  used on input line 10.
(pdftex.def)             Requested size: 222.0pt x 156.00162pt.
 [44]) (./Camera_8h.tex <./Camera_8h__dep__incl.pdf>
<Camera_8h__dep__incl.pdf, id=1137, 490.83376pt x 212.795pt>
File: Camera_8h__dep__incl.pdf Graphic file (type pdf)
<use Camera_8h__dep__incl.pdf>
Package pdftex.def Info: Camera_8h__dep__incl.pdf  used on input line 13.
(pdftex.def)             Requested size: 350.0pt x 151.74138pt.

Underfull \hbox (badness 10000) detected at line 26
[][][]
 []

[45]
Underfull \hbox (badness 10000) detected at line 29
[][][]
 []


Underfull \hbox (badness 10000) detected at line 32
[][][]
 []

) (./Dashboard_8cpp.tex <./Dashboard_8cpp__incl.pdf>
<Dashboard_8cpp__incl.pdf, id=1159, 835.12pt x 212.795pt>
File: Dashboard_8cpp__incl.pdf Graphic file (type pdf)
<use Dashboard_8cpp__incl.pdf>
Package pdftex.def Info: Dashboard_8cpp__incl.pdf  used on input line 18.
(pdftex.def)             Requested size: 350.0pt x 89.18495pt.
) (./Dashboard_8h.tex <./Dashboard_8h__incl.pdf

pdfTeX warning: /usr/bin/pdflatex (file ./Dashboard_8h__incl.pdf): PDF inclusio
n: multiple pdfs with page group included in a single page
>
<Dashboard_8h__incl.pdf, id=1167, 158.5925pt x 156.585pt>
File: Dashboard_8h__incl.pdf Graphic file (type pdf)
<use Dashboard_8h__incl.pdf>
Package pdftex.def Info: Dashboard_8h__incl.pdf  used on input line 14.
(pdftex.def)             Requested size: 158.0pt x 156.01357pt.
 [46] <./Dashboard_8h__dep__incl.pdf>
<Dashboard_8h__dep__incl.pdf, id=1184, 249.93375pt x 156.585pt>
File: Dashboard_8h__dep__incl.pdf Graphic file (type pdf)
<use Dashboard_8h__dep__incl.pdf>
Package pdftex.def Info: Dashboard_8h__dep__incl.pdf  used on input line 22.
(pdftex.def)             Requested size: 249.0pt x 156.0064pt.

Underfull \hbox (badness 10000) detected at line 35
[][][]
 []


Underfull \hbox (badness 10000) detected at line 38
[][][]
 []


Underfull \hbox (badness 10000) detected at line 41
[][][]
 []

) (./Humidity_8cpp.tex <./Humidity_8cpp__incl.pdf

pdfTeX warning: /usr/bin/pdflatex (file ./Humidity_8cpp__incl.pdf): PDF inclusi
on: multiple pdfs with page group included in a single page
>
<Humidity_8cpp__incl.pdf, id=1194, 253.94875pt x 212.795pt>
File: Humidity_8cpp__incl.pdf Graphic file (type pdf)
<use Humidity_8cpp__incl.pdf>
Package pdftex.def Info: Humidity_8cpp__incl.pdf  used on input line 11.
(pdftex.def)             Requested size: 253.0pt x 212.00868pt.
 [47]) (./Humidity_8h.tex <./Humidity_8h__incl.pdf>
<Humidity_8h__incl.pdf, id=1214, 149.55875pt x 156.585pt>
File: Humidity_8h__incl.pdf Graphic file (type pdf)
<use Humidity_8h__incl.pdf>
Package pdftex.def Info: Humidity_8h__incl.pdf  used on input line 14.
(pdftex.def)             Requested size: 149.0pt x 156.01117pt.
 <./Humidity_8h__dep__incl.pdf

pdfTeX warning: /usr/bin/pdflatex (file ./Humidity_8h__dep__incl.pdf): PDF incl
usion: multiple pdfs with page group included in a single page
>
<Humidity_8h__dep__incl.pdf, id=1222, 349.305pt x 156.585pt>
File: Humidity_8h__dep__incl.pdf Graphic file (type pdf)
<use Humidity_8h__dep__incl.pdf>
Package pdftex.def Info: Humidity_8h__dep__incl.pdf  used on input line 22.
(pdftex.def)             Requested size: 348.0pt x 156.00879pt.
 [48]
Underfull \hbox (badness 10000) detected at line 35
[][][]
 []


Underfull \hbox (badness 10000) detected at line 38
[][][]
 []


Underfull \hbox (badness 10000) detected at line 41
[][][]
 []

) (./IlluminationLv_8cpp.tex <./IlluminationLv_8cpp__incl.pdf>
<IlluminationLv_8cpp__incl.pdf, id=1248, 274.02374pt x 212.795pt>
File: IlluminationLv_8cpp__incl.pdf Graphic file (type pdf)
<use IlluminationLv_8cpp__incl.pdf>
Package pdftex.def Info: IlluminationLv_8cpp__incl.pdf  used on input line 11.
(pdftex.def)             Requested size: 273.0pt x 212.01518pt.
)
(./IlluminationLv_8h.tex [49] <./IlluminationLv_8h__incl.pdf>
<IlluminationLv_8h__incl.pdf, id=1267, 175.65625pt x 156.585pt>
File: IlluminationLv_8h__incl.pdf Graphic file (type pdf)
<use IlluminationLv_8h__incl.pdf>
Package pdftex.def Info: IlluminationLv_8h__incl.pdf  used on input line 14.
(pdftex.def)             Requested size: 175.0pt x 156.01117pt.
 <./IlluminationLv_8h__dep__incl.pdf

pdfTeX warning: /usr/bin/pdflatex (file ./IlluminationLv_8h__dep__incl.pdf): PD
F inclusion: multiple pdfs with page group included in a single page
>
<IlluminationLv_8h__dep__incl.pdf, id=1276, 374.39874pt x 156.585pt>
File: IlluminationLv_8h__dep__incl.pdf Graphic file (type pdf)
<use IlluminationLv_8h__dep__incl.pdf>
Package pdftex.def Info: IlluminationLv_8h__dep__incl.pdf  used on input line 2
2.
(pdftex.def)             Requested size: 350.0pt x 146.3895pt.
 [50]
Underfull \hbox (badness 10000) detected at line 35
[][][]
 []


Underfull \hbox (badness 10000) detected at line 38
[][][]
 []


Underfull \hbox (badness 10000) detected at line 41
[][][]
 []

) (./InvalidUserExcepcion_8h.tex <./InvalidUserExcepcion_8h__incl.pdf>
<InvalidUserExcepcion_8h__incl.pdf, id=1301, 224.84pt x 156.585pt>
File: InvalidUserExcepcion_8h__incl.pdf Graphic file (type pdf)
<use InvalidUserExcepcion_8h__incl.pdf>
Package pdftex.def Info: InvalidUserExcepcion_8h__incl.pdf  used on input line 
15.
(pdftex.def)             Requested size: 224.0pt x 156.0064pt.
 [51] <./InvalidUserExcepcion_8h__dep__incl.pdf>
<InvalidUserExcepcion_8h__dep__incl.pdf, id=1318, 211.79124pt x 156.585pt>
File: InvalidUserExcepcion_8h__dep__incl.pdf Graphic file (type pdf)
<use InvalidUserExcepcion_8h__dep__incl.pdf>
Package pdftex.def Info: InvalidUserExcepcion_8h__dep__incl.pdf  used on input 
line 23.
(pdftex.def)             Requested size: 211.0pt x 156.0064pt.

Underfull \hbox (badness 10000) detected at line 36
[][][]
 []


Underfull \hbox (badness 10000) detected at line 39
[][][]
 []


Underfull \hbox (badness 10000) detected at line 42
[][][]
 []

[52]) (./main_8cpp.tex <./main_8cpp__incl.pdf>
<main_8cpp__incl.pdf, id=1339, 1047.915pt x 212.795pt>
File: main_8cpp__incl.pdf Graphic file (type pdf)
<use main_8cpp__incl.pdf>
Package pdftex.def Info: main_8cpp__incl.pdf  used on input line 22.
(pdftex.def)             Requested size: 350.0pt x 71.07002pt.
 [53] <./main_8cpp_ae66f6b31b5ad750f1fe042a706a4e3d4_cgraph.pdf>
<main_8cpp_ae66f6b31b5ad750f1fe042a706a4e3d4_cgraph.pdf, id=1389, 513.92pt x 55
8.085pt>
File: main_8cpp_ae66f6b31b5ad750f1fe042a706a4e3d4_cgraph.pdf Graphic file (type
 pdf)
<use main_8cpp_ae66f6b31b5ad750f1fe042a706a4e3d4_cgraph.pdf>
Package pdftex.def Info: main_8cpp_ae66f6b31b5ad750f1fe042a706a4e3d4_cgraph.pdf
  used on input line 126.
(pdftex.def)             Requested size: 350.0pt x 380.08037pt.
) (./RGB_8cpp.tex [54] <./RGB_8cpp__incl.pdf

pdfTeX warning: /usr/bin/pdflatex (file ./RGB_8cpp__incl.pdf): PDF inclusion: m
ultiple pdfs with page group included in a single page
>
<RGB_8cpp__incl.pdf, id=1403, 240.9pt x 212.795pt>
File: RGB_8cpp__incl.pdf Graphic file (type pdf)
<use RGB_8cpp__incl.pdf>
Package pdftex.def Info: RGB_8cpp__incl.pdf  used on input line 11.
(pdftex.def)             Requested size: 240.0pt x 212.00543pt.
) (./RGB_8h.tex [55] <./RGB_8h__incl.pdf>
<RGB_8h__incl.pdf, id=1420, 144.54pt x 156.585pt>
File: RGB_8h__incl.pdf Graphic file (type pdf)
<use RGB_8h__incl.pdf>
Package pdftex.def Info: RGB_8h__incl.pdf  used on input line 14.
(pdftex.def)             Requested size: 144.0pt x 156.00879pt.
 <./RGB_8h__dep__incl.pdf

pdfTeX warning: /usr/bin/pdflatex (file ./RGB_8h__dep__incl.pdf): PDF inclusion
: multiple pdfs with page group included in a single page
>
<RGB_8h__dep__incl.pdf, id=1428, 326.21875pt x 156.585pt>
File: RGB_8h__dep__incl.pdf Graphic file (type pdf)
<use RGB_8h__dep__incl.pdf>
Package pdftex.def Info: RGB_8h__dep__incl.pdf  used on input line 22.
(pdftex.def)             Requested size: 325.0pt x 156.01357pt.
 [56]
Underfull \hbox (badness 10000) detected at line 37
[][][]
 []


Underfull \hbox (badness 10000) detected at line 40
[][][]
 []


Underfull \hbox (badness 10000) detected at line 43
[][][]
 []


Underfull \hbox (badness 10000) detected at line 54
[][][]
 []


Underfull \hbox (badness 10000) detected at line 57
[][][]
 []


Underfull \hbox (badness 10000) detected at line 60
[][][]
 []

) (./Sensor_8cpp.tex <./Sensor_8cpp__incl.pdf>
<Sensor_8cpp__incl.pdf, id=1460, 216.81pt x 156.585pt>
File: Sensor_8cpp__incl.pdf Graphic file (type pdf)
<use Sensor_8cpp__incl.pdf>
Package pdftex.def Info: Sensor_8cpp__incl.pdf  used on input line 10.
(pdftex.def)             Requested size: 216.0pt x 156.00879pt.
 [57]) (./Sensor_8h.tex <./Sensor_8h__dep__incl.pdf>
<Sensor_8h__dep__incl.pdf, id=1477, 733.74126pt x 212.795pt>
File: Sensor_8h__dep__incl.pdf Graphic file (type pdf)
<use Sensor_8h__dep__incl.pdf>
Package pdftex.def Info: Sensor_8h__dep__incl.pdf  used on input line 13.
(pdftex.def)             Requested size: 350.0pt x 101.50726pt.

Underfull \hbox (badness 10000) detected at line 26
[][][]
 []


Underfull \hbox (badness 10000) detected at line 29
[][][]
 []


Underfull \hbox (badness 10000) detected at line 32
[][][]
 []

) (./Temperature_8cpp.tex <./Temperature_8cpp__incl.pdf

pdfTeX warning: /usr/bin/pdflatex (file ./Temperature_8cpp__incl.pdf): PDF incl
usion: multiple pdfs with page group included in a single page
>
<Temperature_8cpp__incl.pdf, id=1488, 246.9225pt x 212.795pt>
File: Temperature_8cpp__incl.pdf Graphic file (type pdf)
<use Temperature_8cpp__incl.pdf>
Package pdftex.def Info: Temperature_8cpp__incl.pdf  used on input line 10.
(pdftex.def)             Requested size: 246.0pt x 211.99895pt.
 [58]) (./Temperature_8h.tex <./Temperature_8h__incl.pdf>
<Temperature_8h__incl.pdf, id=1510, 167.62625pt x 156.585pt>
File: Temperature_8h__incl.pdf Graphic file (type pdf)
<use Temperature_8h__incl.pdf>
Package pdftex.def Info: Temperature_8h__incl.pdf  used on input line 14.
(pdftex.def)             Requested size: 167.0pt x 155.99922pt.
 <./Temperature_8h__dep__incl.pdf

pdfTeX warning: /usr/bin/pdflatex (file ./Temperature_8h__dep__incl.pdf): PDF i
nclusion: multiple pdfs with page group included in a single page
>
<Temperature_8h__dep__incl.pdf, id=1518, 366.36874pt x 156.585pt>
File: Temperature_8h__dep__incl.pdf Graphic file (type pdf)
<use Temperature_8h__dep__incl.pdf>
Package pdftex.def Info: Temperature_8h__dep__incl.pdf  used on input line 22.
(pdftex.def)             Requested size: 350.0pt x 149.59831pt.
 [59]
Underfull \hbox (badness 10000) detected at line 37
[][][]
 []


Underfull \hbox (badness 10000) detected at line 40
[][][]
 []


Underfull \hbox (badness 10000) detected at line 43
[][][]
 []


Underfull \hbox (badness 10000) detected at line 54
[][][]
 []


Underfull \hbox (badness 10000) detected at line 57
[][][]
 []


Underfull \hbox (badness 10000) detected at line 60
[][][]
 []

[60]) (./Thermic_8cpp.tex <./Thermic_8cpp__incl.pdf>
<Thermic_8cpp__incl.pdf, id=1560, 253.94875pt x 212.795pt>
File: Thermic_8cpp__incl.pdf Graphic file (type pdf)
<use Thermic_8cpp__incl.pdf>
Package pdftex.def Info: Thermic_8cpp__incl.pdf  used on input line 11.
(pdftex.def)             Requested size: 253.0pt x 212.00868pt.
) (./Thermic_8h.tex <./Thermic_8h__incl.pdf

pdfTeX warning: /usr/bin/pdflatex (file ./Thermic_8h__incl.pdf): PDF inclusion:
 multiple pdfs with page group included in a single page
>
<Thermic_8h__incl.pdf, id=1568, 145.54375pt x 156.585pt>
File: Thermic_8h__incl.pdf Graphic file (type pdf)
<use Thermic_8h__incl.pdf>
Package pdftex.def Info: Thermic_8h__incl.pdf  used on input line 9.
(pdftex.def)             Requested size: 145.0pt x 156.01117pt.
 [61] <./Thermic_8h__dep__incl.pdf>
<Thermic_8h__dep__incl.pdf, id=1584, 345.29pt x 156.585pt>
File: Thermic_8h__dep__incl.pdf Graphic file (type pdf)
<use Thermic_8h__dep__incl.pdf>
Package pdftex.def Info: Thermic_8h__dep__incl.pdf  used on input line 17.
(pdftex.def)             Requested size: 344.0pt x 156.00162pt.
) (./User_8cpp.tex <./User_8cpp__incl.pdf

pdfTeX warning: /usr/bin/pdflatex (file ./User_8cpp__incl.pdf): PDF inclusion: 
multiple pdfs with page group included in a single page
>
<User_8cpp__incl.pdf, id=1595, 737.75626pt x 212.795pt>
File: User_8cpp__incl.pdf Graphic file (type pdf)
<use User_8cpp__incl.pdf>
Package pdftex.def Info: User_8cpp__incl.pdf  used on input line 17.
(pdftex.def)             Requested size: 350.0pt x 100.95203pt.
 [62]) (./User_8h.tex <./User_8h__incl.pdf>
<User_8h__incl.pdf, id=1617, 521.95pt x 156.585pt>
File: User_8h__incl.pdf Graphic file (type pdf)
<use User_8h__incl.pdf>
Package pdftex.def Info: User_8h__incl.pdf  used on input line 15.
(pdftex.def)             Requested size: 350.0pt x 105.00218pt.
 <./User_8h__dep__incl.pdf

pdfTeX warning: /usr/bin/pdflatex (file ./User_8h__dep__incl.pdf): PDF inclusio
n: multiple pdfs with page group included in a single page
>
<User_8h__dep__incl.pdf, id=1625, 220.825pt x 156.585pt>
File: User_8h__dep__incl.pdf Graphic file (type pdf)
<use User_8h__dep__incl.pdf>
Package pdftex.def Info: User_8h__dep__incl.pdf  used on input line 23.
(pdftex.def)             Requested size: 220.0pt x 156.0064pt.
 [63]) [64]
No file refman.ind.

Package longtable Warning: Table widths have changed. Rerun LaTeX.

(./refman.aux)

LaTeX Warning: There were undefined references.


LaTeX Warning: Label(s) may have changed. Rerun to get cross-references right.


Package rerunfilecheck Warning: File `refman.out' has changed.
(rerunfilecheck)                Rerun to get outlines right
(rerunfilecheck)                or use package `bookmark'.

Package rerunfilecheck Info: Checksums for `refman.out':
(rerunfilecheck)             Before: <no file>
(rerunfilecheck)             After:  9C7EF336F2AB22EAF9B6E19C8B4E4C6C;27895.
 ) 
Here is how much of TeX's memory you used:
 18465 strings out of 478287
 313935 string characters out of 5849288
 597133 words of memory out of 5000000
 35878 multiletter control sequences out of 15000+600000
 526789 words of font info for 97 fonts, out of 8000000 for 9000
 1141 hyphenation exceptions out of 8191
 99i,16n,117p,404b,634s stack positions out of 5000i,500n,10000p,200000b,80000s
{/usr/share/texlive/texmf-dist/fonts/enc/dvips/base/8r.enc}</usr/share/texliv
e/texmf-dist/fonts/type1/public/amsfonts/cm/cmmi10.pfb></usr/share/texlive/texm
f-dist/fonts/type1/public/amsfonts/cm/cmmi7.pfb></usr/share/texlive/texmf-dist/
fonts/type1/public/amsfonts/cm/cmmi8.pfb></usr/share/texlive/texmf-dist/fonts/t
ype1/public/amsfonts/cm/cmsy10.pfb></usr/share/texlive/texmf-dist/fonts/type1/p
ublic/amsfonts/cm/cmsy7.pfb></usr/share/texlive/texmf-dist/fonts/type1/public/a
msfonts/cm/cmsy8.pfb></usr/share/texlive/texmf-dist/fonts/type1/urw/courier/ucr
r8a.pfb></usr/share/texlive/texmf-dist/fonts/type1/urw/courier/ucrro8a.pfb></us
r/share/texlive/texmf-dist/fonts/type1/urw/helvetic/uhvb8a.pfb></usr/share/texl
ive/texmf-dist/fonts/type1/urw/helvetic/uhvb8ac.pfb></usr/share/texlive/texmf-d
ist/fonts/type1/urw/helvetic/uhvr8a.pfb></usr/share/texlive/texmf-dist/fonts/ty
pe1/urw/helvetic/uhvro8a.pfb>
Output written on refman.pdf (66 pages, 635434 bytes).
PDF statistics:
 1791 PDF objects out of 2073 (max. 8388607)
 1453 compressed objects within 15 object streams
 396 named destinations out of 1000 (max. 500000)
 366 words of extra memory for PDF output out of 10000 (max. 10000000)

